Arguments: 
  /Users/gatitoneku/.nvm/versions/node/v9.4.0/bin/node /Users/gatitoneku/.nvm/versions/node/v9.4.0/bin/yarn start

PATH: 
  /Applications/apache-maven-3.5.3/bin:/Library/Frameworks/Python.framework/Versions/3.5/bin:/Users/gatitoneku/.composer/vendor/bin:/usr/local/.composer/vendor/laravel/lumen-installer:/usr/local/Applications/XAMPP/xamppfiles/bin:/usr/local/php5/bin:/Users/gatitoneku/.nvm/versions/node/v9.4.0/bin:/Users/gatitoneku/.yarn/bin:/usr/local/bin:/usr/bin:/bin:/usr/sbin:/sbin:/opt/X11/bin:/usr/local/go/bin:/usr/local/MacGPG2/bin:/Users/gatitoneku/Dev Stuff/go//bin:/usr/local/opt/go/libexec/bin:/usr/local/opt/go/libexec/bin

Yarn version: 
  1.5.1

Node version: 
  9.4.0

Platform: 
  darwin x64

npm manifest: 
  {
    "name": "voting-app",
    "version": "1.0.0",
    "main": "server.js",
    "license": "MIT",
    "dependencies": {
      "express": "^4.16.3",
      "mongoose": "^5.2.5"
    }
  }

yarn manifest: 
  No manifest

Lockfile: 
  No lockfile

Trace: 
  Error: Command failed.
  Exit code: 1
  Command: sh
  Arguments: -c node server.js
  Directory: /Users/gatitoneku/Dev_Stuff/voting-app
  Output:
  
      at ProcessTermError.MessageError (/Users/gatitoneku/.nvm/versions/node/v9.4.0/lib/node_modules/yarn/lib/cli.js:186:110)
      at new ProcessTermError (/Users/gatitoneku/.nvm/versions/node/v9.4.0/lib/node_modules/yarn/lib/cli.js:226:113)
      at ChildProcess.<anonymous> (/Users/gatitoneku/.nvm/versions/node/v9.4.0/lib/node_modules/yarn/lib/cli.js:30281:17)
      at ChildProcess.emit (events.js:160:13)
      at maybeClose (internal/child_process.js:943:16)
      at Process.ChildProcess._handle.onexit (internal/child_process.js:220:5)
